# JRE version: Java(TM) SE Runtime Environment (8.0_65-b17) (build 1.8.0_65-b17)
# Java VM: Java HotSpot(TM) 64-Bit Server VM (25.65-b01 mixed mode bsd-amd64 compressed oops)
Heap:
 PSYoungGen      total 141312K, used 15488K [0x0000000795580000, 0x00000007a1200000, 0x00000007c0000000)
  eden space 137728K, 8% used [0x0000000795580000,0x0000000796146f28,0x000000079dc00000)
  from space 3584K, 95% used [0x00000007a0e80000,0x00000007a11d9418,0x00000007a1200000)
  to   space 5120K, 0% used [0x00000007a0800000,0x00000007a0800000,0x00000007a0d00000)
 ParOldGen       total 69120K, used 47989K [0x0000000740000000, 0x0000000744380000, 0x0000000795580000)
  object space 69120K, 69% used [0x0000000740000000,0x0000000742edd598,0x0000000744380000)
 Metaspace       used 19664K, capacity 19968K, committed 20224K, reserved 1067008K
  class space    used 2143K, capacity 2247K, committed 2304K, reserved 1048576K
GC Heap History (10 events):
Event: 44473.452 GC heap before
{Heap before GC invocations=87 (full 1):
 PSYoungGen      total 135168K, used 135040K [0x0000000795580000, 0x00000007a1c00000, 0x00000007c0000000)
  eden space 134144K, 100% used [0x0000000795580000,0x000000079d880000,0x000000079d880000)
  from space 1024K, 87% used [0x00000007a1280000,0x00000007a1360000,0x00000007a1380000)
  to   space 5120K, 0% used [0x00000007a1700000,0x00000007a1700000,0x00000007a1c00000)
 ParOldGen       total 69120K, used 44540K [0x0000000740000000, 0x0000000744380000, 0x0000000795580000)
  object space 69120K, 64% used [0x0000000740000000,0x0000000742b7f3d8,0x0000000744380000)
 Metaspace       used 19644K, capacity 19956K, committed 20224K, reserved 1067008K
  class space    used 2142K, capacity 2245K, committed 2304K, reserved 1048576K
Event: 44473.454 GC heap after
Heap after GC invocations=87 (full 1):
 PSYoungGen      total 129536K, used 480K [0x0000000795580000, 0x00000007a1780000, 0x00000007c0000000)
  eden space 129024K, 0% used [0x0000000795580000,0x0000000795580000,0x000000079d380000)
  from space 512K, 93% used [0x00000007a1700000,0x00000007a1778010,0x00000007a1780000)
  to   space 4608K, 0% used [0x00000007a0e80000,0x00000007a0e80000,0x00000007a1300000)
 ParOldGen       total 69120K, used 44725K [0x0000000740000000, 0x0000000744380000, 0x0000000795580000)
  object space 69120K, 64% used [0x0000000740000000,0x0000000742bad418,0x0000000744380000)
 Metaspace       used 19644K, capacity 19956K, committed 20224K, reserved 1067008K
  class space    used 2142K, capacity 2245K, committed 2304K, reserved 1048576K
}
Event: 44473.570 GC heap before
{Heap before GC invocations=88 (full 1):
 PSYoungGen      total 129536K, used 129504K [0x0000000795580000, 0x00000007a1780000, 0x00000007c0000000)
  eden space 129024K, 100% used [0x0000000795580000,0x000000079d380000,0x000000079d380000)
  from space 512K, 93% used [0x00000007a1700000,0x00000007a1778010,0x00000007a1780000)
  to   space 4608K, 0% used [0x00000007a0e80000,0x00000007a0e80000,0x00000007a1300000)
 ParOldGen       total 69120K, used 44725K [0x0000000740000000, 0x0000000744380000, 0x0000000795580000)
  object space 69120K, 64% used [0x0000000740000000,0x0000000742bad418,0x0000000744380000)
 Metaspace       used 19644K, capacity 19956K, committed 20224K, reserved 1067008K
  class space    used 2142K, capacity 2245K, committed 2304K, reserved 1048576K
Event: 44473.574 GC heap after
Heap after GC invocations=88 (full 1):
 PSYoungGen      total 159744K, used 386K [0x0000000795580000, 0x00000007a1780000, 0x00000007c0000000)
  eden space 155136K, 0% used [0x0000000795580000,0x0000000795580000,0x000000079ed00000)
  from space 4608K, 8% used [0x00000007a0e80000,0x00000007a0ee0bf0,0x00000007a1300000)
  to   space 4608K, 0% used [0x00000007a1300000,0x00000007a1300000,0x00000007a1780000)
 ParOldGen       total 69120K, used 45002K [0x0000000740000000, 0x0000000744380000, 0x0000000795580000)
  object space 69120K, 65% used [0x0000000740000000,0x0000000742bf2a68,0x0000000744380000)
 Metaspace       used 19644K, capacity 19956K, committed 20224K, reserved 1067008K
  class space    used 2142K, capacity 2245K, committed 2304K, reserved 1048576K
}
Event: 44707.573 GC heap before
{Heap before GC invocations=89 (full 1):
 PSYoungGen      total 159744K, used 155522K [0x0000000795580000, 0x00000007a1780000, 0x00000007c0000000)
  eden space 155136K, 100% used [0x0000000795580000,0x000000079ed00000,0x000000079ed00000)
  from space 4608K, 8% used [0x00000007a0e80000,0x00000007a0ee0bf0,0x00000007a1300000)
  to   space 4608K, 0% used [0x00000007a1300000,0x00000007a1300000,0x00000007a1780000)
 ParOldGen       total 69120K, used 45002K [0x0000000740000000, 0x0000000744380000, 0x0000000795580000)
  object space 69120K, 65% used [0x0000000740000000,0x0000000742bf2a68,0x0000000744380000)
 Metaspace       used 19649K, capacity 19962K, committed 20224K, reserved 1067008K
  class space    used 2143K, capacity 2246K, committed 2304K, reserved 1048576K
Event: 44707.575 GC heap after
Heap after GC invocations=89 (full 1):
 PSYoungGen      total 150016K, used 736K [0x0000000795580000, 0x00000007a1400000, 0x00000007c0000000)
  eden space 148992K, 0% used [0x0000000795580000,0x0000000795580000,0x000000079e700000)
  from space 1024K, 71% used [0x00000007a1300000,0x00000007a13b8010,0x00000007a1400000)
  to   space 4608K, 0% used [0x00000007a0b00000,0x00000007a0b00000,0x00000007a0f80000)
 ParOldGen       total 69120K, used 45106K [0x0000000740000000, 0x0000000744380000, 0x0000000795580000)
  object space 69120K, 65% used [0x0000000740000000,0x0000000742c0ca68,0x0000000744380000)
 Metaspace       used 19649K, capacity 19962K, committed 20224K, reserved 1067008K
  class space    used 2143K, capacity 2246K, committed 2304K, reserved 1048576K
}
Event: 44744.119 GC heap before
{Heap before GC invocations=90 (full 1):
 PSYoungGen      total 150016K, used 149728K [0x0000000795580000, 0x00000007a1400000, 0x00000007c0000000)
  eden space 148992K, 100% used [0x0000000795580000,0x000000079e700000,0x000000079e700000)
  from space 1024K, 71% used [0x00000007a1300000,0x00000007a13b8010,0x00000007a1400000)
  to   space 4608K, 0% used [0x00000007a0b00000,0x00000007a0b00000,0x00000007a0f80000)
 ParOldGen       total 69120K, used 45106K [0x0000000740000000, 0x0000000744380000, 0x0000000795580000)
  object space 69120K, 65% used [0x0000000740000000,0x0000000742c0ca68,0x0000000744380000)
 Metaspace       used 19664K, capacity 19968K, committed 20224K, reserved 1067008K
  class space    used 2143K, capacity 2247K, committed 2304K, reserved 1048576K
Event: 44744.127 GC heap after
Heap after GC invocations=90 (full 1):
 PSYoungGen      total 146944K, used 3328K [0x0000000795580000, 0x00000007a1380000, 0x00000007c0000000)
  eden space 143360K, 0% used [0x0000000795580000,0x0000000795580000,0x000000079e180000)
  from space 3584K, 92% used [0x00000007a0b00000,0x00000007a0e40010,0x00000007a0e80000)
  to   space 5120K, 0% used [0x00000007a0e80000,0x00000007a0e80000,0x00000007a1380000)
 ParOldGen       total 69120K, used 45294K [0x0000000740000000, 0x0000000744380000, 0x0000000795580000)
  object space 69120K, 65% used [0x0000000740000000,0x0000000742c3ba78,0x0000000744380000)
 Metaspace       used 19664K, capacity 19968K, committed 20224K, reserved 1067008K
  class space    used 2143K, capacity 2247K, committed 2304K, reserved 1048576K
}
Event: 61507.347 GC heap before
{Heap before GC invocations=91 (full 1):
 PSYoungGen      total 146944K, used 146685K [0x0000000795580000, 0x00000007a1380000, 0x00000007c0000000)
  eden space 143360K, 99% used [0x0000000795580000,0x000000079e17f6b0,0x000000079e180000)
  from space 3584K, 92% used [0x00000007a0b00000,0x00000007a0e40010,0x00000007a0e80000)
  to   space 5120K, 0% used [0x00000007a0e80000,0x00000007a0e80000,0x00000007a1380000)
 ParOldGen       total 69120K, used 45294K [0x0000000740000000, 0x0000000744380000, 0x0000000795580000)
  object space 69120K, 65% used [0x0000000740000000,0x0000000742c3ba78,0x0000000744380000)
 Metaspace       used 19664K, capacity 19968K, committed 20224K, reserved 1067008K
  class space    used 2143K, capacity 2247K, committed 2304K, reserved 1048576K
Event: 61507.466 GC heap after
Heap after GC invocations=91 (full 1):
 PSYoungGen      total 141312K, used 3429K [0x0000000795580000, 0x00000007a1200000, 0x00000007c0000000)
  eden space 137728K, 0% used [0x0000000795580000,0x0000000795580000,0x000000079dc00000)
  from space 3584K, 95% used [0x00000007a0e80000,0x00000007a11d9418,0x00000007a1200000)
  to   space 5120K, 0% used [0x00000007a0800000,0x00000007a0800000,0x00000007a0d00000)
 ParOldGen       total 69120K, used 47989K [0x0000000740000000, 0x0000000744380000, 0x0000000795580000)
  object space 69120K, 69% used [0x0000000740000000,0x0000000742edd598,0x0000000744380000)
 Metaspace       used 19664K, capacity 19968K, committed 20224K, reserved 1067008K
  class space    used 2143K, capacity 2247K, committed 2304K, reserved 1048576K
}

